<!DOCTYPE html PUBLIC "-//W3C//DTD XHTML 1.1//EN" "http://www.w3.org/TR/xhtml11/DTD/xhtml11.dtd">
<html xmlns="http://www.w3.org/1999/xhtml"><head><title>TestNG Report</title><style type="text/css">table {margin-bottom:10px;border-collapse:collapse;empty-cells:show}th,td {border:1px solid #009;padding:.25em .5em}th {vertical-align:bottom}td {vertical-align:top}table a {font-weight:bold}.stripe td {background-color: #E6EBF9}.num {text-align:right}.passedodd td {background-color: #3F3}.passedeven td {background-color: #0A0}.skippedodd td {background-color: #DDD}.skippedeven td {background-color: #CCC}.failedodd td,.attn {background-color: #F33}.failedeven td,.stripe .attn {background-color: #D00}.stacktrace {white-space:pre;font-family:monospace}.totop {font-size:85%;text-align:center;border-bottom:2px solid #000}</style></head><body><table><tr><th>Test</th><th># Passed</th><th># Skipped</th><th># Failed</th><th>Time (ms)</th><th>Included Groups</th><th>Excluded Groups</th></tr><tr><th colspan="7">CalculatorSuite</th></tr><tr><td><a href="#t0">CalculatorTest</a></td><td class="num">11</td><td class="num">0</td><td class="num attn">2</td><td class="num">147</td><td>Negative, Smoke</td><td>Subtraction</td></tr></table><table id='summary'><thead><tr><th>Class</th><th>Method</th><th>Start</th><th>Time (ms)</th></tr></thead><tbody><tr><th colspan="4">CalculatorSuite</th></tr></tbody><tbody id="t0"><tr><th colspan="4">CalculatorTest &#8212; failed</th></tr><tr class="failedeven"><td rowspan="2">com.tam.m4.HomeTask</td><td><a href="#m0">testCosine</a></td><td rowspan="1">1517574662535</td><td rowspan="1">16</td></tr><tr class="failedeven"><td><a href="#m1">testSquareRootOfNegativeNumber</a></td><td rowspan="1">1517574662572</td><td rowspan="1">8</td></tr><tr><th colspan="4">CalculatorTest &#8212; passed</th></tr><tr class="passedeven"><td rowspan="11">com.tam.m4.HomeTask</td><td><a href="#m2">testAdditionOfTwoPositiveNumbers</a></td><td rowspan="1">1517574662511</td><td rowspan="1">19</td></tr><tr class="passedeven"><td><a href="#m3">testDivideByZero</a></td><td rowspan="1">1517574662534</td><td rowspan="1">17</td></tr><tr class="passedeven"><td><a href="#m4">testDivideZeroByANumber</a></td><td rowspan="1">1517574662534</td><td rowspan="1">3</td></tr><tr class="passedeven"><td><a href="#m5">testIsNegative</a></td><td rowspan="1">1517574662544</td><td rowspan="1">23</td></tr><tr class="passedeven"><td><a href="#m6">testIsPositive</a></td><td rowspan="1">1517574662548</td><td rowspan="1">11</td></tr><tr class="passedeven"><td><a href="#m7">testMultiplication</a></td><td rowspan="1">1517574662511</td><td rowspan="1">19</td></tr><tr class="passedeven"><td><a href="#m8">testMultiplyNumbers</a></td><td rowspan="4">1517574662617</td><td rowspan="4">1</td></tr><tr class="passedeven"><td><a href="#m9">testMultiplyNumbers</a></td></tr><tr class="passedeven"><td><a href="#m10">testMultiplyNumbers</a></td></tr><tr class="passedeven"><td><a href="#m11">testMultiplyNumbers</a></td></tr><tr class="passedeven"><td><a href="#m12">testSubtractionOfTwoNumbers</a></td><td rowspan="1">1517574662511</td><td rowspan="1">19</td></tr></tbody></table><h2>CalculatorTest</h2><h3 id="m0">com.tam.m4.HomeTask#testCosine</h3><table class="result"><tr><th>Messages</th></tr><tr><td><div class="messages">Method started: testCosine<br/>a:0	 cos:0.0<br/>Test Method Failed</div></td></tr><tr><th>Exception</th></tr><tr><td><div class="stacktrace">java.lang.AssertionError: expected [1.0] but found [0.0]
	at org.testng.Assert.fail(Assert.java:93)
	at org.testng.Assert.failNotEquals(Assert.java:512)
	at org.testng.Assert.assertEqualsImpl(Assert.java:134)
	at org.testng.Assert.assertEquals(Assert.java:115)
	at org.testng.Assert.assertEquals(Assert.java:178)
	at com.tam.m4.HomeTask.testCosine(HomeTask.java:124)
	at sun.reflect.NativeMethodAccessorImpl.invoke0(Native Method)
	at sun.reflect.NativeMethodAccessorImpl.invoke(Unknown Source)
	at sun.reflect.DelegatingMethodAccessorImpl.invoke(Unknown Source)
	at java.lang.reflect.Method.invoke(Unknown Source)
	at org.testng.internal.MethodInvocationHelper.invokeMethod(MethodInvocationHelper.java:108)
	at org.testng.internal.Invoker.invokeMethod(Invoker.java:661)
	at org.testng.internal.Invoker.invokeTestMethod(Invoker.java:869)
	at org.testng.internal.Invoker.invokeTestMethods(Invoker.java:1193)
	at org.testng.internal.TestMethodWorker.invokeTestMethods(TestMethodWorker.java:126)
	at org.testng.internal.TestMethodWorker.run(TestMethodWorker.java:109)
	at java.util.concurrent.ThreadPoolExecutor.runWorker(Unknown Source)
	at java.util.concurrent.ThreadPoolExecutor$Worker.run(Unknown Source)
	at java.lang.Thread.run(Unknown Source)
</div></td></tr></table><p class="totop"><a href="#summary">back to summary</a></p><h3 id="m1">com.tam.m4.HomeTask#testSquareRootOfNegativeNumber</h3><table class="result"><tr><th>Messages</th></tr><tr><td><div class="messages">Method started: testSquareRootOfNegativeNumber<br/>a:-25	 SquareRoot:5.0<br/>Test Method Failed</div></td></tr><tr><th>Exception</th></tr><tr><td><div class="stacktrace">java.lang.AssertionError: expected [2.23606797749979] but found [5.0]
	at org.testng.Assert.fail(Assert.java:93)
	at org.testng.Assert.failNotEquals(Assert.java:512)
	at org.testng.Assert.assertEqualsImpl(Assert.java:134)
	at org.testng.Assert.assertEquals(Assert.java:115)
	at org.testng.Assert.assertEquals(Assert.java:178)
	at com.tam.m4.HomeTask.testSquareRootOfNegativeNumber(HomeTask.java:115)
	at sun.reflect.NativeMethodAccessorImpl.invoke0(Native Method)
	at sun.reflect.NativeMethodAccessorImpl.invoke(Unknown Source)
	at sun.reflect.DelegatingMethodAccessorImpl.invoke(Unknown Source)
	at java.lang.reflect.Method.invoke(Unknown Source)
	at org.testng.internal.MethodInvocationHelper.invokeMethod(MethodInvocationHelper.java:108)
	at org.testng.internal.Invoker.invokeMethod(Invoker.java:661)
	at org.testng.internal.Invoker.invokeTestMethod(Invoker.java:869)
	at org.testng.internal.Invoker.invokeTestMethods(Invoker.java:1193)
	at org.testng.internal.TestMethodWorker.invokeTestMethods(TestMethodWorker.java:126)
	at org.testng.internal.TestMethodWorker.run(TestMethodWorker.java:109)
	at java.util.concurrent.ThreadPoolExecutor.runWorker(Unknown Source)
	at java.util.concurrent.ThreadPoolExecutor$Worker.run(Unknown Source)
	at java.lang.Thread.run(Unknown Source)
</div></td></tr></table><p class="totop"><a href="#summary">back to summary</a></p><h3 id="m2">com.tam.m4.HomeTask#testAdditionOfTwoPositiveNumbers</h3><table class="result"><tr><th>Messages</th></tr><tr><td><div class="messages">Method started: testAdditionOfTwoPositiveNumbers<br/>a:10	 b:20	 sum:30<br/>Test Method Passed</div></td></tr></table><p class="totop"><a href="#summary">back to summary</a></p><h3 id="m3">com.tam.m4.HomeTask#testDivideByZero</h3><table class="result"><tr><th>Messages</th></tr><tr><td><div class="messages">Method started: testDivideByZero<br/>Test Method Passed</div></td></tr><tr><th>Expected Exception</th></tr><tr><td><div class="stacktrace">java.lang.NumberFormatException: Attempt to divide by zero
	at com.epam.tat.module4.Calculator.div(Calculator.java:34)
	at com.tam.m4.HomeTask.testDivideByZero(HomeTask.java:94)
	at sun.reflect.NativeMethodAccessorImpl.invoke0(Native Method)
	at sun.reflect.NativeMethodAccessorImpl.invoke(Unknown Source)
	at sun.reflect.DelegatingMethodAccessorImpl.invoke(Unknown Source)
	at java.lang.reflect.Method.invoke(Unknown Source)
	at org.testng.internal.MethodInvocationHelper.invokeMethod(MethodInvocationHelper.java:108)
	at org.testng.internal.Invoker.invokeMethod(Invoker.java:661)
	at org.testng.internal.Invoker.invokeTestMethod(Invoker.java:869)
	at org.testng.internal.Invoker.invokeTestMethods(Invoker.java:1193)
	at org.testng.internal.TestMethodWorker.invokeTestMethods(TestMethodWorker.java:126)
	at org.testng.internal.TestMethodWorker.run(TestMethodWorker.java:109)
	at java.util.concurrent.ThreadPoolExecutor.runWorker(Unknown Source)
	at java.util.concurrent.ThreadPoolExecutor$Worker.run(Unknown Source)
	at java.lang.Thread.run(Unknown Source)
</div></td></tr></table><p class="totop"><a href="#summary">back to summary</a></p><h3 id="m4">com.tam.m4.HomeTask#testDivideZeroByANumber</h3><table class="result"><tr><th>Messages</th></tr><tr><td><div class="messages">Method started: testDivideZeroByANumber<br/>a:0	 b:1	 quotient:0<br/>Test Method Passed</div></td></tr></table><p class="totop"><a href="#summary">back to summary</a></p><h3 id="m5">com.tam.m4.HomeTask#testIsNegative</h3><table class="result"><tr><th>Messages</th></tr><tr><td><div class="messages">Method started: testIsNegative<br/>a:1	 IsNegative:false<br/>Test Method Passed</div></td></tr></table><p class="totop"><a href="#summary">back to summary</a></p><h3 id="m6">com.tam.m4.HomeTask#testIsPositive</h3><table class="result"><tr><th>Messages</th></tr><tr><td><div class="messages">Method started: testIsPositive<br/>a:-1	 IsPositive:false<br/>Test Method Passed</div></td></tr></table><p class="totop"><a href="#summary">back to summary</a></p><h3 id="m7">com.tam.m4.HomeTask#testMultiplication</h3><table class="result"><tr><th>Messages</th></tr><tr><td><div class="messages">Method started: testMultiplication<br/>a:10	 b:20	 product:200<br/>Test Method Passed</div></td></tr></table><p class="totop"><a href="#summary">back to summary</a></p><h3 id="m8">com.tam.m4.HomeTask#testMultiplyNumbers</h3><table class="result"><tr class="param"><th>Parameter #1</th><th>Parameter #2</th><th>Parameter #3</th></tr><tr class="param stripe"><td>-5</td><td>0</td><td>0</td></tr><tr><th colspan="3">Messages</th></tr><tr><td colspan="3"><div class="messages">Method started: testMultiplyNumbers<br/>a:-5	 b:0	 product:0<br/>Test Method Passed</div></td></tr></table><p class="totop"><a href="#summary">back to summary</a></p><h3 id="m9">com.tam.m4.HomeTask#testMultiplyNumbers</h3><table class="result"><tr class="param"><th>Parameter #1</th><th>Parameter #2</th><th>Parameter #3</th></tr><tr class="param stripe"><td>20</td><td>10</td><td>200</td></tr><tr><th colspan="3">Messages</th></tr><tr><td colspan="3"><div class="messages">Method started: testMultiplyNumbers<br/>a:20	 b:10	 product:200<br/>Test Method Passed</div></td></tr></table><p class="totop"><a href="#summary">back to summary</a></p><h3 id="m10">com.tam.m4.HomeTask#testMultiplyNumbers</h3><table class="result"><tr class="param"><th>Parameter #1</th><th>Parameter #2</th><th>Parameter #3</th></tr><tr class="param stripe"><td>10</td><td>20</td><td>200</td></tr><tr><th colspan="3">Messages</th></tr><tr><td colspan="3"><div class="messages">Method started: testMultiplyNumbers<br/>a:10	 b:20	 product:200<br/>Test Method Passed</div></td></tr></table><p class="totop"><a href="#summary">back to summary</a></p><h3 id="m11">com.tam.m4.HomeTask#testMultiplyNumbers</h3><table class="result"><tr class="param"><th>Parameter #1</th><th>Parameter #2</th><th>Parameter #3</th></tr><tr class="param stripe"><td>0</td><td>5</td><td>0</td></tr><tr><th colspan="3">Messages</th></tr><tr><td colspan="3"><div class="messages">Method started: testMultiplyNumbers<br/>a:0	 b:5	 product:0<br/>Test Method Passed</div></td></tr></table><p class="totop"><a href="#summary">back to summary</a></p><h3 id="m12">com.tam.m4.HomeTask#testSubtractionOfTwoNumbers</h3><table class="result"><tr><th>Messages</th></tr><tr><td><div class="messages">Method started: testSubtractionOfTwoNumbers<br/>a:10	 b:20	 diff:-10<br/>Test Method Passed</div></td></tr></table><p class="totop"><a href="#summary">back to summary</a></p></body></html>